<?xml version="1.0" encoding="UTF-8"?>
<!-- Generated by org.testng.reporters.JUnitXMLReporter -->
<testsuite ignored="0" hostname="Khosruzs-MacBook-Pro.local" failures="1" tests="1" name="FunctionalTests(failed)" time="0.052" errors="0" timestamp="2025-01-10T21:36:24 EST">
  <testcase classname="tests.DropdownTest" name="validateDropdownSelection" time="0.016">
    <failure type="java.lang.NullPointerException" message="Cannot invoke &amp;quot;org.openqa.selenium.WebDriver.findElement(org.openqa.selenium.By)&amp;quot; because &amp;quot;this.driver&amp;quot; is null">
      <![CDATA[java.lang.NullPointerException: Cannot invoke "org.openqa.selenium.WebDriver.findElement(org.openqa.selenium.By)" because "this.driver" is null
at pages.DropdownPage.selectOption(DropdownPage.java:17)
at tests.DropdownTest.validateDropdownSelection(DropdownTest.java:13)
at java.base/java.util.ArrayList.forEach(ArrayList.java:1511)
... Removed 25 stack frames]]>
    </failure>
  </testcase> <!-- validateDropdownSelection -->
</testsuite> <!-- FunctionalTests(failed) -->
